2017-09-23 23:32:37,090 0    [http-nio-8080-exec-3] INFO  org.hibernate.annotations.common.Version  - HCANN000001: Hibernate Commons Annotations {4.0.5.Final}
2017-09-23 23:32:37,114 24   [http-nio-8080-exec-3] INFO  org.hibernate.Version  - HHH000412: Hibernate Core {4.3.11.Final}
2017-09-23 23:32:37,120 30   [http-nio-8080-exec-3] INFO  org.hibernate.cfg.Environment  - HHH000206: hibernate.properties not found
2017-09-23 23:32:37,124 34   [http-nio-8080-exec-3] INFO  org.hibernate.cfg.Environment  - HHH000021: Bytecode provider name : javassist
2017-09-23 23:32:37,203 113  [http-nio-8080-exec-3] INFO  org.hibernate.cfg.Configuration  - HHH000043: Configuring from resource: /hibernate.cfg.xml
2017-09-23 23:32:37,203 113  [http-nio-8080-exec-3] INFO  org.hibernate.cfg.Configuration  - HHH000040: Configuration resource: /hibernate.cfg.xml
2017-09-23 23:32:37,395 305  [http-nio-8080-exec-3] INFO  org.hibernate.cfg.Configuration  - HHH000041: Configured SessionFactory: null
2017-09-23 23:32:37,710 620  [http-nio-8080-exec-3] WARN  org.hibernate.engine.jdbc.connections.internal.DriverManagerConnectionProviderImpl  - HHH000402: Using Hibernate built-in connection pool (not for production use!)
2017-09-23 23:32:37,725 635  [http-nio-8080-exec-3] INFO  org.hibernate.engine.jdbc.connections.internal.DriverManagerConnectionProviderImpl  - HHH000401: using driver [com.mysql.jdbc.Driver] at URL [jdbc:mysql://localhost:3306/sample]
2017-09-23 23:32:37,725 635  [http-nio-8080-exec-3] INFO  org.hibernate.engine.jdbc.connections.internal.DriverManagerConnectionProviderImpl  - HHH000046: Connection properties: {user=root, password=****}
2017-09-23 23:32:37,725 635  [http-nio-8080-exec-3] INFO  org.hibernate.engine.jdbc.connections.internal.DriverManagerConnectionProviderImpl  - HHH000006: Autocommit mode: false
2017-09-23 23:32:37,730 640  [http-nio-8080-exec-3] INFO  org.hibernate.engine.jdbc.connections.internal.DriverManagerConnectionProviderImpl  - HHH000115: Hibernate connection pool size: 20 (min=1)
2017-09-23 23:32:38,265 1175 [http-nio-8080-exec-3] INFO  org.hibernate.dialect.Dialect  - HHH000400: Using dialect: org.hibernate.dialect.MySQL5Dialect
2017-09-23 23:32:38,809 1719 [http-nio-8080-exec-3] INFO  org.hibernate.engine.transaction.internal.TransactionFactoryInitiator  - HHH000399: Using default transaction strategy (direct JDBC transactions)
2017-09-23 23:32:38,827 1737 [http-nio-8080-exec-3] INFO  org.hibernate.hql.internal.ast.ASTQueryTranslatorFactory  - HHH000397: Using ASTQueryTranslatorFactory
2017-09-23 23:32:40,038 2948 [http-nio-8080-exec-3] WARN  org.hibernate.engine.jdbc.spi.SqlExceptionHelper  - SQL Error: 1146, SQLState: 42S02
2017-09-23 23:32:40,038 2948 [http-nio-8080-exec-3] ERROR org.hibernate.engine.jdbc.spi.SqlExceptionHelper  - Table 'sample.user' doesn't exist
2017-09-23 23:32:40,042 2952 [http-nio-8080-exec-3] ERROR com.seograder.persistence.UserHibernateDao  - Error getting all users
org.hibernate.exception.SQLGrammarException: could not extract ResultSet
	at org.hibernate.exception.internal.SQLExceptionTypeDelegate.convert(SQLExceptionTypeDelegate.java:80)
	at org.hibernate.exception.internal.StandardSQLExceptionConverter.convert(StandardSQLExceptionConverter.java:49)
	at org.hibernate.engine.jdbc.spi.SqlExceptionHelper.convert(SqlExceptionHelper.java:126)
	at org.hibernate.engine.jdbc.spi.SqlExceptionHelper.convert(SqlExceptionHelper.java:112)
	at org.hibernate.engine.jdbc.internal.ResultSetReturnImpl.extract(ResultSetReturnImpl.java:91)
	at org.hibernate.loader.Loader.getResultSet(Loader.java:2066)
	at org.hibernate.loader.Loader.executeQueryStatement(Loader.java:1863)
	at org.hibernate.loader.Loader.executeQueryStatement(Loader.java:1839)
	at org.hibernate.loader.Loader.doQuery(Loader.java:910)
	at org.hibernate.loader.Loader.doQueryAndInitializeNonLazyCollections(Loader.java:355)
	at org.hibernate.loader.Loader.doList(Loader.java:2554)
	at org.hibernate.loader.Loader.doList(Loader.java:2540)
	at org.hibernate.loader.Loader.listIgnoreQueryCache(Loader.java:2370)
	at org.hibernate.loader.Loader.list(Loader.java:2365)
	at org.hibernate.loader.criteria.CriteriaLoader.list(CriteriaLoader.java:126)
	at org.hibernate.internal.SessionImpl.list(SessionImpl.java:1718)
	at org.hibernate.internal.CriteriaImpl.list(CriteriaImpl.java:380)
	at com.seograder.persistence.UserHibernateDao.getAllUsers(UserHibernateDao.java:24)
	at com.seograder.controller.SearchUser.doGet(SearchUser.java:28)
	at javax.servlet.http.HttpServlet.service(HttpServlet.java:622)
	at javax.servlet.http.HttpServlet.service(HttpServlet.java:729)
	at org.apache.catalina.core.ApplicationFilterChain.internalDoFilter(ApplicationFilterChain.java:230)
	at org.apache.catalina.core.ApplicationFilterChain.doFilter(ApplicationFilterChain.java:165)
	at org.apache.tomcat.websocket.server.WsFilter.doFilter(WsFilter.java:52)
	at org.apache.catalina.core.ApplicationFilterChain.internalDoFilter(ApplicationFilterChain.java:192)
	at org.apache.catalina.core.ApplicationFilterChain.doFilter(ApplicationFilterChain.java:165)
	at org.apache.catalina.core.StandardWrapperValve.invoke(StandardWrapperValve.java:198)
	at org.apache.catalina.core.StandardContextValve.invoke(StandardContextValve.java:108)
	at org.apache.tomee.catalina.OpenEJBValve.invoke(OpenEJBValve.java:44)
	at org.apache.catalina.authenticator.AuthenticatorBase.invoke(AuthenticatorBase.java:472)
	at org.apache.catalina.core.StandardHostValve.invoke(StandardHostValve.java:140)
	at org.apache.catalina.valves.ErrorReportValve.invoke(ErrorReportValve.java:79)
	at org.apache.tomee.catalina.OpenEJBSecurityListener$RequestCapturer.invoke(OpenEJBSecurityListener.java:97)
	at org.apache.catalina.valves.AbstractAccessLogValve.invoke(AbstractAccessLogValve.java:620)
	at org.apache.catalina.core.StandardEngineValve.invoke(StandardEngineValve.java:87)
	at org.apache.catalina.connector.CoyoteAdapter.service(CoyoteAdapter.java:349)
	at org.apache.coyote.http11.Http11Processor.service(Http11Processor.java:784)
	at org.apache.coyote.AbstractProcessorLight.process(AbstractProcessorLight.java:66)
	at org.apache.coyote.AbstractProtocol$ConnectionHandler.process(AbstractProtocol.java:802)
	at org.apache.tomcat.util.net.NioEndpoint$SocketProcessor.doRun(NioEndpoint.java:1410)
	at org.apache.tomcat.util.net.SocketProcessorBase.run(SocketProcessorBase.java:49)
	at java.util.concurrent.ThreadPoolExecutor.runWorker(ThreadPoolExecutor.java:1149)
	at java.util.concurrent.ThreadPoolExecutor$Worker.run(ThreadPoolExecutor.java:624)
	at org.apache.tomcat.util.threads.TaskThread$WrappingRunnable.run(TaskThread.java:61)
	at java.lang.Thread.run(Thread.java:748)
Caused by: com.mysql.jdbc.exceptions.jdbc4.MySQLSyntaxErrorException: Table 'sample.user' doesn't exist
	at sun.reflect.NativeConstructorAccessorImpl.newInstance0(Native Method)
	at sun.reflect.NativeConstructorAccessorImpl.newInstance(NativeConstructorAccessorImpl.java:62)
	at sun.reflect.DelegatingConstructorAccessorImpl.newInstance(DelegatingConstructorAccessorImpl.java:45)
	at java.lang.reflect.Constructor.newInstance(Constructor.java:423)
	at com.mysql.jdbc.Util.handleNewInstance(Util.java:404)
	at com.mysql.jdbc.Util.getInstance(Util.java:387)
	at com.mysql.jdbc.SQLError.createSQLException(SQLError.java:942)
	at com.mysql.jdbc.MysqlIO.checkErrorPacket(MysqlIO.java:3966)
	at com.mysql.jdbc.MysqlIO.checkErrorPacket(MysqlIO.java:3902)
	at com.mysql.jdbc.MysqlIO.sendCommand(MysqlIO.java:2526)
	at com.mysql.jdbc.MysqlIO.sqlQueryDirect(MysqlIO.java:2673)
	at com.mysql.jdbc.ConnectionImpl.execSQL(ConnectionImpl.java:2549)
	at com.mysql.jdbc.PreparedStatement.executeInternal(PreparedStatement.java:1861)
	at com.mysql.jdbc.PreparedStatement.executeQuery(PreparedStatement.java:1962)
	at org.hibernate.engine.jdbc.internal.ResultSetReturnImpl.extract(ResultSetReturnImpl.java:82)
	... 40 more
2017-09-23 23:32:40,051 2961 [http-nio-8080-exec-3] WARN  org.hibernate.engine.jdbc.spi.SqlExceptionHelper  - SQL Warning Code: 1146, SQLState: 42S02
2017-09-23 23:32:40,051 2961 [http-nio-8080-exec-3] WARN  org.hibernate.engine.jdbc.spi.SqlExceptionHelper  - Table 'sample.user' doesn't exist
2017-09-23 23:32:40,060 2970 [http-nio-8080-exec-3] WARN  org.hibernate.engine.jdbc.spi.SqlExceptionHelper  - SQL Error: 1146, SQLState: 42S02
2017-09-23 23:32:40,060 2970 [http-nio-8080-exec-3] ERROR org.hibernate.engine.jdbc.spi.SqlExceptionHelper  - Table 'sample.user' doesn't exist
2017-09-23 23:32:40,061 2971 [http-nio-8080-exec-3] ERROR com.seograder.persistence.UserHibernateDao  - Error getting all users
org.hibernate.exception.SQLGrammarException: could not extract ResultSet
	at org.hibernate.exception.internal.SQLExceptionTypeDelegate.convert(SQLExceptionTypeDelegate.java:80)
	at org.hibernate.exception.internal.StandardSQLExceptionConverter.convert(StandardSQLExceptionConverter.java:49)
	at org.hibernate.engine.jdbc.spi.SqlExceptionHelper.convert(SqlExceptionHelper.java:126)
	at org.hibernate.engine.jdbc.spi.SqlExceptionHelper.convert(SqlExceptionHelper.java:112)
	at org.hibernate.engine.jdbc.internal.ResultSetReturnImpl.extract(ResultSetReturnImpl.java:91)
	at org.hibernate.loader.Loader.getResultSet(Loader.java:2066)
	at org.hibernate.loader.Loader.executeQueryStatement(Loader.java:1863)
	at org.hibernate.loader.Loader.executeQueryStatement(Loader.java:1839)
	at org.hibernate.loader.Loader.doQuery(Loader.java:910)
	at org.hibernate.loader.Loader.doQueryAndInitializeNonLazyCollections(Loader.java:355)
	at org.hibernate.loader.Loader.doList(Loader.java:2554)
	at org.hibernate.loader.Loader.doList(Loader.java:2540)
	at org.hibernate.loader.Loader.listIgnoreQueryCache(Loader.java:2370)
	at org.hibernate.loader.Loader.list(Loader.java:2365)
	at org.hibernate.loader.criteria.CriteriaLoader.list(CriteriaLoader.java:126)
	at org.hibernate.internal.SessionImpl.list(SessionImpl.java:1718)
	at org.hibernate.internal.CriteriaImpl.list(CriteriaImpl.java:380)
	at com.seograder.persistence.UserHibernateDao.getAllUsers(UserHibernateDao.java:24)
	at com.seograder.controller.SearchUser.doGet(SearchUser.java:31)
	at javax.servlet.http.HttpServlet.service(HttpServlet.java:622)
	at javax.servlet.http.HttpServlet.service(HttpServlet.java:729)
	at org.apache.catalina.core.ApplicationFilterChain.internalDoFilter(ApplicationFilterChain.java:230)
	at org.apache.catalina.core.ApplicationFilterChain.doFilter(ApplicationFilterChain.java:165)
	at org.apache.tomcat.websocket.server.WsFilter.doFilter(WsFilter.java:52)
	at org.apache.catalina.core.ApplicationFilterChain.internalDoFilter(ApplicationFilterChain.java:192)
	at org.apache.catalina.core.ApplicationFilterChain.doFilter(ApplicationFilterChain.java:165)
	at org.apache.catalina.core.StandardWrapperValve.invoke(StandardWrapperValve.java:198)
	at org.apache.catalina.core.StandardContextValve.invoke(StandardContextValve.java:108)
	at org.apache.tomee.catalina.OpenEJBValve.invoke(OpenEJBValve.java:44)
	at org.apache.catalina.authenticator.AuthenticatorBase.invoke(AuthenticatorBase.java:472)
	at org.apache.catalina.core.StandardHostValve.invoke(StandardHostValve.java:140)
	at org.apache.catalina.valves.ErrorReportValve.invoke(ErrorReportValve.java:79)
	at org.apache.tomee.catalina.OpenEJBSecurityListener$RequestCapturer.invoke(OpenEJBSecurityListener.java:97)
	at org.apache.catalina.valves.AbstractAccessLogValve.invoke(AbstractAccessLogValve.java:620)
	at org.apache.catalina.core.StandardEngineValve.invoke(StandardEngineValve.java:87)
	at org.apache.catalina.connector.CoyoteAdapter.service(CoyoteAdapter.java:349)
	at org.apache.coyote.http11.Http11Processor.service(Http11Processor.java:784)
	at org.apache.coyote.AbstractProcessorLight.process(AbstractProcessorLight.java:66)
	at org.apache.coyote.AbstractProtocol$ConnectionHandler.process(AbstractProtocol.java:802)
	at org.apache.tomcat.util.net.NioEndpoint$SocketProcessor.doRun(NioEndpoint.java:1410)
	at org.apache.tomcat.util.net.SocketProcessorBase.run(SocketProcessorBase.java:49)
	at java.util.concurrent.ThreadPoolExecutor.runWorker(ThreadPoolExecutor.java:1149)
	at java.util.concurrent.ThreadPoolExecutor$Worker.run(ThreadPoolExecutor.java:624)
	at org.apache.tomcat.util.threads.TaskThread$WrappingRunnable.run(TaskThread.java:61)
	at java.lang.Thread.run(Thread.java:748)
Caused by: com.mysql.jdbc.exceptions.jdbc4.MySQLSyntaxErrorException: Table 'sample.user' doesn't exist
	at sun.reflect.NativeConstructorAccessorImpl.newInstance0(Native Method)
	at sun.reflect.NativeConstructorAccessorImpl.newInstance(NativeConstructorAccessorImpl.java:62)
	at sun.reflect.DelegatingConstructorAccessorImpl.newInstance(DelegatingConstructorAccessorImpl.java:45)
	at java.lang.reflect.Constructor.newInstance(Constructor.java:423)
	at com.mysql.jdbc.Util.handleNewInstance(Util.java:404)
	at com.mysql.jdbc.Util.getInstance(Util.java:387)
	at com.mysql.jdbc.SQLError.createSQLException(SQLError.java:942)
	at com.mysql.jdbc.MysqlIO.checkErrorPacket(MysqlIO.java:3966)
	at com.mysql.jdbc.MysqlIO.checkErrorPacket(MysqlIO.java:3902)
	at com.mysql.jdbc.MysqlIO.sendCommand(MysqlIO.java:2526)
	at com.mysql.jdbc.MysqlIO.sqlQueryDirect(MysqlIO.java:2673)
	at com.mysql.jdbc.ConnectionImpl.execSQL(ConnectionImpl.java:2549)
	at com.mysql.jdbc.PreparedStatement.executeInternal(PreparedStatement.java:1861)
	at com.mysql.jdbc.PreparedStatement.executeQuery(PreparedStatement.java:1962)
	at org.hibernate.engine.jdbc.internal.ResultSetReturnImpl.extract(ResultSetReturnImpl.java:82)
	... 40 more
2017-09-23 23:32:40,090 3000 [http-nio-8080-exec-3] WARN  org.hibernate.engine.jdbc.spi.SqlExceptionHelper  - SQL Warning Code: 1146, SQLState: 42S02
2017-09-23 23:32:40,091 3001 [http-nio-8080-exec-3] WARN  org.hibernate.engine.jdbc.spi.SqlExceptionHelper  - Table 'sample.user' doesn't exist
2017-09-23 23:45:33,413 0    [http-nio-8080-exec-3] INFO  org.hibernate.annotations.common.Version  - HCANN000001: Hibernate Commons Annotations {4.0.5.Final}
2017-09-23 23:45:33,437 24   [http-nio-8080-exec-3] INFO  org.hibernate.Version  - HHH000412: Hibernate Core {4.3.11.Final}
2017-09-23 23:45:33,442 29   [http-nio-8080-exec-3] INFO  org.hibernate.cfg.Environment  - HHH000206: hibernate.properties not found
2017-09-23 23:45:33,446 33   [http-nio-8080-exec-3] INFO  org.hibernate.cfg.Environment  - HHH000021: Bytecode provider name : javassist
2017-09-23 23:45:33,527 114  [http-nio-8080-exec-3] INFO  org.hibernate.cfg.Configuration  - HHH000043: Configuring from resource: /hibernate.cfg.xml
2017-09-23 23:45:33,527 114  [http-nio-8080-exec-3] INFO  org.hibernate.cfg.Configuration  - HHH000040: Configuration resource: /hibernate.cfg.xml
2017-09-23 23:45:33,668 255  [http-nio-8080-exec-3] INFO  org.hibernate.cfg.Configuration  - HHH000041: Configured SessionFactory: null
2017-09-23 23:45:33,986 573  [http-nio-8080-exec-3] WARN  org.hibernate.engine.jdbc.connections.internal.DriverManagerConnectionProviderImpl  - HHH000402: Using Hibernate built-in connection pool (not for production use!)
2017-09-23 23:45:33,997 584  [http-nio-8080-exec-3] INFO  org.hibernate.engine.jdbc.connections.internal.DriverManagerConnectionProviderImpl  - HHH000401: using driver [com.mysql.jdbc.Driver] at URL [jdbc:mysql://localhost:3306/sample]
2017-09-23 23:45:33,997 584  [http-nio-8080-exec-3] INFO  org.hibernate.engine.jdbc.connections.internal.DriverManagerConnectionProviderImpl  - HHH000046: Connection properties: {user=root, password=****}
2017-09-23 23:45:33,998 585  [http-nio-8080-exec-3] INFO  org.hibernate.engine.jdbc.connections.internal.DriverManagerConnectionProviderImpl  - HHH000006: Autocommit mode: false
2017-09-23 23:45:34,002 589  [http-nio-8080-exec-3] INFO  org.hibernate.engine.jdbc.connections.internal.DriverManagerConnectionProviderImpl  - HHH000115: Hibernate connection pool size: 20 (min=1)
2017-09-23 23:45:34,428 1015 [http-nio-8080-exec-3] INFO  org.hibernate.dialect.Dialect  - HHH000400: Using dialect: org.hibernate.dialect.MySQL5Dialect
2017-09-23 23:45:34,925 1512 [http-nio-8080-exec-3] INFO  org.hibernate.engine.transaction.internal.TransactionFactoryInitiator  - HHH000399: Using default transaction strategy (direct JDBC transactions)
2017-09-23 23:45:34,946 1533 [http-nio-8080-exec-3] INFO  org.hibernate.hql.internal.ast.ASTQueryTranslatorFactory  - HHH000397: Using ASTQueryTranslatorFactory
2017-09-23 23:45:36,100 2687 [http-nio-8080-exec-3] WARN  org.hibernate.engine.jdbc.spi.SqlExceptionHelper  - SQL Error: 1146, SQLState: 42S02
2017-09-23 23:45:36,100 2687 [http-nio-8080-exec-3] ERROR org.hibernate.engine.jdbc.spi.SqlExceptionHelper  - Table 'sample.user' doesn't exist
2017-09-23 23:45:36,103 2690 [http-nio-8080-exec-3] ERROR com.seograder.persistence.UserHibernateDao  - Error getting all users
org.hibernate.exception.SQLGrammarException: could not extract ResultSet
	at org.hibernate.exception.internal.SQLExceptionTypeDelegate.convert(SQLExceptionTypeDelegate.java:80)
	at org.hibernate.exception.internal.StandardSQLExceptionConverter.convert(StandardSQLExceptionConverter.java:49)
	at org.hibernate.engine.jdbc.spi.SqlExceptionHelper.convert(SqlExceptionHelper.java:126)
	at org.hibernate.engine.jdbc.spi.SqlExceptionHelper.convert(SqlExceptionHelper.java:112)
	at org.hibernate.engine.jdbc.internal.ResultSetReturnImpl.extract(ResultSetReturnImpl.java:91)
	at org.hibernate.loader.Loader.getResultSet(Loader.java:2066)
	at org.hibernate.loader.Loader.executeQueryStatement(Loader.java:1863)
	at org.hibernate.loader.Loader.executeQueryStatement(Loader.java:1839)
	at org.hibernate.loader.Loader.doQuery(Loader.java:910)
	at org.hibernate.loader.Loader.doQueryAndInitializeNonLazyCollections(Loader.java:355)
	at org.hibernate.loader.Loader.doList(Loader.java:2554)
	at org.hibernate.loader.Loader.doList(Loader.java:2540)
	at org.hibernate.loader.Loader.listIgnoreQueryCache(Loader.java:2370)
	at org.hibernate.loader.Loader.list(Loader.java:2365)
	at org.hibernate.loader.criteria.CriteriaLoader.list(CriteriaLoader.java:126)
	at org.hibernate.internal.SessionImpl.list(SessionImpl.java:1718)
	at org.hibernate.internal.CriteriaImpl.list(CriteriaImpl.java:380)
	at com.seograder.persistence.UserHibernateDao.getAllUsers(UserHibernateDao.java:24)
	at com.seograder.controller.SearchUser.doGet(SearchUser.java:28)
	at javax.servlet.http.HttpServlet.service(HttpServlet.java:622)
	at javax.servlet.http.HttpServlet.service(HttpServlet.java:729)
	at org.apache.catalina.core.ApplicationFilterChain.internalDoFilter(ApplicationFilterChain.java:230)
	at org.apache.catalina.core.ApplicationFilterChain.doFilter(ApplicationFilterChain.java:165)
	at org.apache.tomcat.websocket.server.WsFilter.doFilter(WsFilter.java:52)
	at org.apache.catalina.core.ApplicationFilterChain.internalDoFilter(ApplicationFilterChain.java:192)
	at org.apache.catalina.core.ApplicationFilterChain.doFilter(ApplicationFilterChain.java:165)
	at org.apache.catalina.core.StandardWrapperValve.invoke(StandardWrapperValve.java:198)
	at org.apache.catalina.core.StandardContextValve.invoke(StandardContextValve.java:108)
	at org.apache.tomee.catalina.OpenEJBValve.invoke(OpenEJBValve.java:44)
	at org.apache.catalina.authenticator.AuthenticatorBase.invoke(AuthenticatorBase.java:472)
	at org.apache.catalina.core.StandardHostValve.invoke(StandardHostValve.java:140)
	at org.apache.catalina.valves.ErrorReportValve.invoke(ErrorReportValve.java:79)
	at org.apache.tomee.catalina.OpenEJBSecurityListener$RequestCapturer.invoke(OpenEJBSecurityListener.java:97)
	at org.apache.catalina.valves.AbstractAccessLogValve.invoke(AbstractAccessLogValve.java:620)
	at org.apache.catalina.core.StandardEngineValve.invoke(StandardEngineValve.java:87)
	at org.apache.catalina.connector.CoyoteAdapter.service(CoyoteAdapter.java:349)
	at org.apache.coyote.http11.Http11Processor.service(Http11Processor.java:784)
	at org.apache.coyote.AbstractProcessorLight.process(AbstractProcessorLight.java:66)
	at org.apache.coyote.AbstractProtocol$ConnectionHandler.process(AbstractProtocol.java:802)
	at org.apache.tomcat.util.net.NioEndpoint$SocketProcessor.doRun(NioEndpoint.java:1410)
	at org.apache.tomcat.util.net.SocketProcessorBase.run(SocketProcessorBase.java:49)
	at java.util.concurrent.ThreadPoolExecutor.runWorker(ThreadPoolExecutor.java:1149)
	at java.util.concurrent.ThreadPoolExecutor$Worker.run(ThreadPoolExecutor.java:624)
	at org.apache.tomcat.util.threads.TaskThread$WrappingRunnable.run(TaskThread.java:61)
	at java.lang.Thread.run(Thread.java:748)
Caused by: com.mysql.jdbc.exceptions.jdbc4.MySQLSyntaxErrorException: Table 'sample.user' doesn't exist
	at sun.reflect.NativeConstructorAccessorImpl.newInstance0(Native Method)
	at sun.reflect.NativeConstructorAccessorImpl.newInstance(NativeConstructorAccessorImpl.java:62)
	at sun.reflect.DelegatingConstructorAccessorImpl.newInstance(DelegatingConstructorAccessorImpl.java:45)
	at java.lang.reflect.Constructor.newInstance(Constructor.java:423)
	at com.mysql.jdbc.Util.handleNewInstance(Util.java:404)
	at com.mysql.jdbc.Util.getInstance(Util.java:387)
	at com.mysql.jdbc.SQLError.createSQLException(SQLError.java:942)
	at com.mysql.jdbc.MysqlIO.checkErrorPacket(MysqlIO.java:3966)
	at com.mysql.jdbc.MysqlIO.checkErrorPacket(MysqlIO.java:3902)
	at com.mysql.jdbc.MysqlIO.sendCommand(MysqlIO.java:2526)
	at com.mysql.jdbc.MysqlIO.sqlQueryDirect(MysqlIO.java:2673)
	at com.mysql.jdbc.ConnectionImpl.execSQL(ConnectionImpl.java:2549)
	at com.mysql.jdbc.PreparedStatement.executeInternal(PreparedStatement.java:1861)
	at com.mysql.jdbc.PreparedStatement.executeQuery(PreparedStatement.java:1962)
	at org.hibernate.engine.jdbc.internal.ResultSetReturnImpl.extract(ResultSetReturnImpl.java:82)
	... 40 more
2017-09-23 23:45:36,112 2699 [http-nio-8080-exec-3] WARN  org.hibernate.engine.jdbc.spi.SqlExceptionHelper  - SQL Warning Code: 1146, SQLState: 42S02
2017-09-23 23:45:36,113 2700 [http-nio-8080-exec-3] WARN  org.hibernate.engine.jdbc.spi.SqlExceptionHelper  - Table 'sample.user' doesn't exist
2017-09-23 23:45:36,123 2710 [http-nio-8080-exec-3] WARN  org.hibernate.engine.jdbc.spi.SqlExceptionHelper  - SQL Error: 1146, SQLState: 42S02
2017-09-23 23:45:36,123 2710 [http-nio-8080-exec-3] ERROR org.hibernate.engine.jdbc.spi.SqlExceptionHelper  - Table 'sample.user' doesn't exist
2017-09-23 23:45:36,123 2710 [http-nio-8080-exec-3] ERROR com.seograder.persistence.UserHibernateDao  - Error getting all users
org.hibernate.exception.SQLGrammarException: could not extract ResultSet
	at org.hibernate.exception.internal.SQLExceptionTypeDelegate.convert(SQLExceptionTypeDelegate.java:80)
	at org.hibernate.exception.internal.StandardSQLExceptionConverter.convert(StandardSQLExceptionConverter.java:49)
	at org.hibernate.engine.jdbc.spi.SqlExceptionHelper.convert(SqlExceptionHelper.java:126)
	at org.hibernate.engine.jdbc.spi.SqlExceptionHelper.convert(SqlExceptionHelper.java:112)
	at org.hibernate.engine.jdbc.internal.ResultSetReturnImpl.extract(ResultSetReturnImpl.java:91)
	at org.hibernate.loader.Loader.getResultSet(Loader.java:2066)
	at org.hibernate.loader.Loader.executeQueryStatement(Loader.java:1863)
	at org.hibernate.loader.Loader.executeQueryStatement(Loader.java:1839)
	at org.hibernate.loader.Loader.doQuery(Loader.java:910)
	at org.hibernate.loader.Loader.doQueryAndInitializeNonLazyCollections(Loader.java:355)
	at org.hibernate.loader.Loader.doList(Loader.java:2554)
	at org.hibernate.loader.Loader.doList(Loader.java:2540)
	at org.hibernate.loader.Loader.listIgnoreQueryCache(Loader.java:2370)
	at org.hibernate.loader.Loader.list(Loader.java:2365)
	at org.hibernate.loader.criteria.CriteriaLoader.list(CriteriaLoader.java:126)
	at org.hibernate.internal.SessionImpl.list(SessionImpl.java:1718)
	at org.hibernate.internal.CriteriaImpl.list(CriteriaImpl.java:380)
	at com.seograder.persistence.UserHibernateDao.getAllUsers(UserHibernateDao.java:24)
	at com.seograder.controller.SearchUser.doGet(SearchUser.java:31)
	at javax.servlet.http.HttpServlet.service(HttpServlet.java:622)
	at javax.servlet.http.HttpServlet.service(HttpServlet.java:729)
	at org.apache.catalina.core.ApplicationFilterChain.internalDoFilter(ApplicationFilterChain.java:230)
	at org.apache.catalina.core.ApplicationFilterChain.doFilter(ApplicationFilterChain.java:165)
	at org.apache.tomcat.websocket.server.WsFilter.doFilter(WsFilter.java:52)
	at org.apache.catalina.core.ApplicationFilterChain.internalDoFilter(ApplicationFilterChain.java:192)
	at org.apache.catalina.core.ApplicationFilterChain.doFilter(ApplicationFilterChain.java:165)
	at org.apache.catalina.core.StandardWrapperValve.invoke(StandardWrapperValve.java:198)
	at org.apache.catalina.core.StandardContextValve.invoke(StandardContextValve.java:108)
	at org.apache.tomee.catalina.OpenEJBValve.invoke(OpenEJBValve.java:44)
	at org.apache.catalina.authenticator.AuthenticatorBase.invoke(AuthenticatorBase.java:472)
	at org.apache.catalina.core.StandardHostValve.invoke(StandardHostValve.java:140)
	at org.apache.catalina.valves.ErrorReportValve.invoke(ErrorReportValve.java:79)
	at org.apache.tomee.catalina.OpenEJBSecurityListener$RequestCapturer.invoke(OpenEJBSecurityListener.java:97)
	at org.apache.catalina.valves.AbstractAccessLogValve.invoke(AbstractAccessLogValve.java:620)
	at org.apache.catalina.core.StandardEngineValve.invoke(StandardEngineValve.java:87)
	at org.apache.catalina.connector.CoyoteAdapter.service(CoyoteAdapter.java:349)
	at org.apache.coyote.http11.Http11Processor.service(Http11Processor.java:784)
	at org.apache.coyote.AbstractProcessorLight.process(AbstractProcessorLight.java:66)
	at org.apache.coyote.AbstractProtocol$ConnectionHandler.process(AbstractProtocol.java:802)
	at org.apache.tomcat.util.net.NioEndpoint$SocketProcessor.doRun(NioEndpoint.java:1410)
	at org.apache.tomcat.util.net.SocketProcessorBase.run(SocketProcessorBase.java:49)
	at java.util.concurrent.ThreadPoolExecutor.runWorker(ThreadPoolExecutor.java:1149)
	at java.util.concurrent.ThreadPoolExecutor$Worker.run(ThreadPoolExecutor.java:624)
	at org.apache.tomcat.util.threads.TaskThread$WrappingRunnable.run(TaskThread.java:61)
	at java.lang.Thread.run(Thread.java:748)
Caused by: com.mysql.jdbc.exceptions.jdbc4.MySQLSyntaxErrorException: Table 'sample.user' doesn't exist
	at sun.reflect.NativeConstructorAccessorImpl.newInstance0(Native Method)
	at sun.reflect.NativeConstructorAccessorImpl.newInstance(NativeConstructorAccessorImpl.java:62)
	at sun.reflect.DelegatingConstructorAccessorImpl.newInstance(DelegatingConstructorAccessorImpl.java:45)
	at java.lang.reflect.Constructor.newInstance(Constructor.java:423)
	at com.mysql.jdbc.Util.handleNewInstance(Util.java:404)
	at com.mysql.jdbc.Util.getInstance(Util.java:387)
	at com.mysql.jdbc.SQLError.createSQLException(SQLError.java:942)
	at com.mysql.jdbc.MysqlIO.checkErrorPacket(MysqlIO.java:3966)
	at com.mysql.jdbc.MysqlIO.checkErrorPacket(MysqlIO.java:3902)
	at com.mysql.jdbc.MysqlIO.sendCommand(MysqlIO.java:2526)
	at com.mysql.jdbc.MysqlIO.sqlQueryDirect(MysqlIO.java:2673)
	at com.mysql.jdbc.ConnectionImpl.execSQL(ConnectionImpl.java:2549)
	at com.mysql.jdbc.PreparedStatement.executeInternal(PreparedStatement.java:1861)
	at com.mysql.jdbc.PreparedStatement.executeQuery(PreparedStatement.java:1962)
	at org.hibernate.engine.jdbc.internal.ResultSetReturnImpl.extract(ResultSetReturnImpl.java:82)
	... 40 more
2017-09-23 23:45:36,150 2737 [http-nio-8080-exec-3] WARN  org.hibernate.engine.jdbc.spi.SqlExceptionHelper  - SQL Warning Code: 1146, SQLState: 42S02
2017-09-23 23:45:36,150 2737 [http-nio-8080-exec-3] WARN  org.hibernate.engine.jdbc.spi.SqlExceptionHelper  - Table 'sample.user' doesn't exist
2017-09-23 23:51:50,234 0    [http-nio-8080-exec-3] INFO  org.hibernate.annotations.common.Version  - HCANN000001: Hibernate Commons Annotations {4.0.5.Final}
2017-09-23 23:51:50,258 24   [http-nio-8080-exec-3] INFO  org.hibernate.Version  - HHH000412: Hibernate Core {4.3.11.Final}
2017-09-23 23:51:50,264 30   [http-nio-8080-exec-3] INFO  org.hibernate.cfg.Environment  - HHH000206: hibernate.properties not found
2017-09-23 23:51:50,268 34   [http-nio-8080-exec-3] INFO  org.hibernate.cfg.Environment  - HHH000021: Bytecode provider name : javassist
2017-09-23 23:51:50,350 116  [http-nio-8080-exec-3] INFO  org.hibernate.cfg.Configuration  - HHH000043: Configuring from resource: /hibernate.cfg.xml
2017-09-23 23:51:50,351 117  [http-nio-8080-exec-3] INFO  org.hibernate.cfg.Configuration  - HHH000040: Configuration resource: /hibernate.cfg.xml
2017-09-23 23:51:50,488 254  [http-nio-8080-exec-3] INFO  org.hibernate.cfg.Configuration  - HHH000041: Configured SessionFactory: null
2017-09-23 23:51:50,801 567  [http-nio-8080-exec-3] WARN  org.hibernate.engine.jdbc.connections.internal.DriverManagerConnectionProviderImpl  - HHH000402: Using Hibernate built-in connection pool (not for production use!)
2017-09-23 23:51:50,812 578  [http-nio-8080-exec-3] INFO  org.hibernate.engine.jdbc.connections.internal.DriverManagerConnectionProviderImpl  - HHH000401: using driver [com.mysql.jdbc.Driver] at URL [jdbc:mysql://localhost:3306/seograder]
2017-09-23 23:51:50,812 578  [http-nio-8080-exec-3] INFO  org.hibernate.engine.jdbc.connections.internal.DriverManagerConnectionProviderImpl  - HHH000046: Connection properties: {user=root, password=****}
2017-09-23 23:51:50,812 578  [http-nio-8080-exec-3] INFO  org.hibernate.engine.jdbc.connections.internal.DriverManagerConnectionProviderImpl  - HHH000006: Autocommit mode: false
2017-09-23 23:51:50,817 583  [http-nio-8080-exec-3] INFO  org.hibernate.engine.jdbc.connections.internal.DriverManagerConnectionProviderImpl  - HHH000115: Hibernate connection pool size: 20 (min=1)
2017-09-23 23:51:51,241 1007 [http-nio-8080-exec-3] INFO  org.hibernate.dialect.Dialect  - HHH000400: Using dialect: org.hibernate.dialect.MySQL5Dialect
2017-09-23 23:51:51,738 1504 [http-nio-8080-exec-3] INFO  org.hibernate.engine.transaction.internal.TransactionFactoryInitiator  - HHH000399: Using default transaction strategy (direct JDBC transactions)
2017-09-23 23:51:51,756 1522 [http-nio-8080-exec-3] INFO  org.hibernate.hql.internal.ast.ASTQueryTranslatorFactory  - HHH000397: Using ASTQueryTranslatorFactory
2017-09-24 00:14:55,465 0    [http-nio-8080-exec-5] INFO  org.hibernate.annotations.common.Version  - HCANN000001: Hibernate Commons Annotations {4.0.5.Final}
2017-09-24 00:14:55,489 24   [http-nio-8080-exec-5] INFO  org.hibernate.Version  - HHH000412: Hibernate Core {4.3.11.Final}
2017-09-24 00:14:55,495 30   [http-nio-8080-exec-5] INFO  org.hibernate.cfg.Environment  - HHH000206: hibernate.properties not found
2017-09-24 00:14:55,499 34   [http-nio-8080-exec-5] INFO  org.hibernate.cfg.Environment  - HHH000021: Bytecode provider name : javassist
2017-09-24 00:14:55,577 112  [http-nio-8080-exec-5] INFO  org.hibernate.cfg.Configuration  - HHH000043: Configuring from resource: /hibernate.cfg.xml
2017-09-24 00:14:55,577 112  [http-nio-8080-exec-5] INFO  org.hibernate.cfg.Configuration  - HHH000040: Configuration resource: /hibernate.cfg.xml
2017-09-24 00:14:55,736 271  [http-nio-8080-exec-5] INFO  org.hibernate.cfg.Configuration  - HHH000041: Configured SessionFactory: null
2017-09-24 00:14:56,047 582  [http-nio-8080-exec-5] WARN  org.hibernate.engine.jdbc.connections.internal.DriverManagerConnectionProviderImpl  - HHH000402: Using Hibernate built-in connection pool (not for production use!)
2017-09-24 00:14:56,058 593  [http-nio-8080-exec-5] INFO  org.hibernate.engine.jdbc.connections.internal.DriverManagerConnectionProviderImpl  - HHH000401: using driver [com.mysql.jdbc.Driver] at URL [jdbc:mysql://localhost:3306/seograder?useSSL=false]
2017-09-24 00:14:56,059 594  [http-nio-8080-exec-5] INFO  org.hibernate.engine.jdbc.connections.internal.DriverManagerConnectionProviderImpl  - HHH000046: Connection properties: {user=root, password=****}
2017-09-24 00:14:56,059 594  [http-nio-8080-exec-5] INFO  org.hibernate.engine.jdbc.connections.internal.DriverManagerConnectionProviderImpl  - HHH000006: Autocommit mode: false
2017-09-24 00:14:56,063 598  [http-nio-8080-exec-5] INFO  org.hibernate.engine.jdbc.connections.internal.DriverManagerConnectionProviderImpl  - HHH000115: Hibernate connection pool size: 20 (min=1)
2017-09-24 00:14:56,484 1019 [http-nio-8080-exec-5] INFO  org.hibernate.dialect.Dialect  - HHH000400: Using dialect: org.hibernate.dialect.MySQL5Dialect
2017-09-24 00:14:56,971 1506 [http-nio-8080-exec-5] INFO  org.hibernate.engine.transaction.internal.TransactionFactoryInitiator  - HHH000399: Using default transaction strategy (direct JDBC transactions)
2017-09-24 00:14:56,990 1525 [http-nio-8080-exec-5] INFO  org.hibernate.hql.internal.ast.ASTQueryTranslatorFactory  - HHH000397: Using ASTQueryTranslatorFactory
2017-09-24 00:34:26,575 1    [http-nio-8080-exec-6] INFO  org.hibernate.annotations.common.Version  - HCANN000001: Hibernate Commons Annotations {4.0.5.Final}
2017-09-24 00:34:26,597 23   [http-nio-8080-exec-6] INFO  org.hibernate.Version  - HHH000412: Hibernate Core {4.3.11.Final}
2017-09-24 00:34:26,603 29   [http-nio-8080-exec-6] INFO  org.hibernate.cfg.Environment  - HHH000206: hibernate.properties not found
2017-09-24 00:34:26,607 33   [http-nio-8080-exec-6] INFO  org.hibernate.cfg.Environment  - HHH000021: Bytecode provider name : javassist
2017-09-24 00:34:26,692 118  [http-nio-8080-exec-6] INFO  org.hibernate.cfg.Configuration  - HHH000043: Configuring from resource: /hibernate.cfg.xml
2017-09-24 00:34:26,692 118  [http-nio-8080-exec-6] INFO  org.hibernate.cfg.Configuration  - HHH000040: Configuration resource: /hibernate.cfg.xml
2017-09-24 00:34:26,824 250  [http-nio-8080-exec-6] INFO  org.hibernate.cfg.Configuration  - HHH000041: Configured SessionFactory: null
2017-09-24 00:34:27,132 558  [http-nio-8080-exec-6] WARN  org.hibernate.engine.jdbc.connections.internal.DriverManagerConnectionProviderImpl  - HHH000402: Using Hibernate built-in connection pool (not for production use!)
2017-09-24 00:34:27,143 569  [http-nio-8080-exec-6] INFO  org.hibernate.engine.jdbc.connections.internal.DriverManagerConnectionProviderImpl  - HHH000401: using driver [com.mysql.jdbc.Driver] at URL [jdbc:mysql://localhost:3306/seograder?useSSL=false]
2017-09-24 00:34:27,144 570  [http-nio-8080-exec-6] INFO  org.hibernate.engine.jdbc.connections.internal.DriverManagerConnectionProviderImpl  - HHH000046: Connection properties: {user=root, password=****}
2017-09-24 00:34:27,144 570  [http-nio-8080-exec-6] INFO  org.hibernate.engine.jdbc.connections.internal.DriverManagerConnectionProviderImpl  - HHH000006: Autocommit mode: false
2017-09-24 00:34:27,148 574  [http-nio-8080-exec-6] INFO  org.hibernate.engine.jdbc.connections.internal.DriverManagerConnectionProviderImpl  - HHH000115: Hibernate connection pool size: 20 (min=1)
2017-09-24 00:34:27,634 1060 [http-nio-8080-exec-6] INFO  org.hibernate.dialect.Dialect  - HHH000400: Using dialect: org.hibernate.dialect.MySQL5Dialect
2017-09-24 00:34:28,070 1496 [http-nio-8080-exec-6] INFO  org.hibernate.engine.transaction.internal.TransactionFactoryInitiator  - HHH000399: Using default transaction strategy (direct JDBC transactions)
2017-09-24 00:34:28,089 1515 [http-nio-8080-exec-6] INFO  org.hibernate.hql.internal.ast.ASTQueryTranslatorFactory  - HHH000397: Using ASTQueryTranslatorFactory
